<?xml version="1.0" encoding="UTF-8"?>
<!-- Generated by org.testng.reporters.JUnitReportReporter -->
<testsuite hostname="DESKTOP-ML7TOGO" failures="0" tests="1" name="TestRunner.CucumberTestRunner" time="79.718" errors="0" timestamp="2024-03-29T13:07:01 IST" skipped="0">
  <testcase classname="TestRunner.CucumberTestRunner" name="runScenario" time="79.718"/>
</testsuite> <!-- TestRunner.CucumberTestRunner -->
